2025-04-04 06:46:34.869020 - Received CBT.V508.FILE253.PDS from FILE253.XMI 
2025-04-04 06:46:34.879483 - Found $$$#DATE.txt (text/plain) in CBT.V508.FILE253.PDS, moved to PDS/$$$#DATE
2025-04-04 06:46:34.879655 - Found $$$DOC.txt (text/plain) in CBT.V508.FILE253.PDS, moved to PDS/$$$DOC
2025-04-04 06:46:34.879804 - Found $#DOC.txt (text/plain) in CBT.V508.FILE253.PDS, moved to PDS/$#DOC
2025-04-04 06:46:34.879957 - Found $CCFASMB.rexx (text/plain) in CBT.V508.FILE253.PDS, moved to PDS/$CCFASMB
2025-04-04 06:46:34.880080 - Found $CCFASMC.rexx (text/plain) in CBT.V508.FILE253.PDS, moved to PDS/$CCFASMC
2025-04-04 06:46:34.880237 - Found $CCFDB2B.rexx (text/plain) in CBT.V508.FILE253.PDS, moved to PDS/$CCFDB2B
2025-04-04 06:46:34.880357 - Found $CCFDB2C.rexx (text/plain) in CBT.V508.FILE253.PDS, moved to PDS/$CCFDB2C
2025-04-04 06:46:34.880500 - Found $CCFDB2P.rexx (text/plain) in CBT.V508.FILE253.PDS, moved to PDS/$CCFDB2P
2025-04-04 06:46:34.880654 - Found @DRERPRF.rexx (text/plain) in CBT.V508.FILE253.PDS, moved to PDS/@DRERPRF
2025-04-04 06:46:34.880790 - Found @EDITPDS.rexx (text/plain) in CBT.V508.FILE253.PDS, moved to PDS/@EDITPDS
2025-04-04 06:46:34.880944 - Found @FILE253.txt (text/plain) in CBT.V508.FILE253.PDS, moved to PDS/@FILE253
2025-04-04 06:46:34.881086 - Found @LBROWSE.rexx (text/plain) in CBT.V508.FILE253.PDS, moved to PDS/@LBROWSE
2025-04-04 06:46:34.881206 - Found @LIBEPRF.rexx (text/plain) in CBT.V508.FILE253.PDS, moved to PDS/@LIBEPRF
2025-04-04 06:46:34.881334 - Found @LISTALC.rexx (text/plain) in CBT.V508.FILE253.PDS, moved to PDS/@LISTALC
2025-04-04 06:46:34.881459 - Found @LOGPROF.rexx (text/plain) in CBT.V508.FILE253.PDS, moved to PDS/@LOGPROF
2025-04-04 06:46:34.881583 - Found @LOGPRSV.rexx (text/plain) in CBT.V508.FILE253.PDS, moved to PDS/@LOGPRSV
2025-04-04 06:46:34.881730 - Found @PROFILE.rexx (text/plain) in CBT.V508.FILE253.PDS, moved to PDS/@PROFILE
2025-04-04 06:46:34.881900 - Found @UTBLMNT.rexx (text/plain) in CBT.V508.FILE253.PDS, moved to PDS/@UTBLMNT
2025-04-04 06:46:34.882020 - Found @UWTRMNT.rexx (text/plain) in CBT.V508.FILE253.PDS, moved to PDS/@UWTRMNT
2025-04-04 06:46:34.882144 - Found ABRTLMS.rexx (text/plain) in CBT.V508.FILE253.PDS, moved to PDS/ABRTLMS
2025-04-04 06:46:34.882259 - Found ADDMEMB.rexx (text/plain) in CBT.V508.FILE253.PDS, moved to PDS/ADDMEMB
2025-04-04 06:46:34.882393 - Found ALIASGEN.rexx (text/plain) in CBT.V508.FILE253.PDS, moved to PDS/ALIASGEN
2025-04-04 06:46:34.882519 - Found BACKSCHD.rexx (text/plain) in CBT.V508.FILE253.PDS, moved to PDS/BACKSCHD
2025-04-04 06:46:34.882636 - Found BKSTAT.rexx (text/plain) in CBT.V508.FILE253.PDS, moved to PDS/BKSTAT
2025-04-04 06:46:34.882746 - Found BLDCJCL.rexx (text/plain) in CBT.V508.FILE253.PDS, moved to PDS/BLDCJCL
2025-04-04 06:46:34.882858 - Found BLDCOPY.rexx (text/plain) in CBT.V508.FILE253.PDS, moved to PDS/BLDCOPY
2025-04-04 06:46:34.882971 - Found BLKSIZE.rexx (text/plain) in CBT.V508.FILE253.PDS, moved to PDS/BLKSIZE
2025-04-04 06:46:34.883095 - Found BMANB.txt (text/plain) in CBT.V508.FILE253.PDS, moved to PDS/BMANB
2025-04-04 06:46:34.883222 - Found BMANC.txt (text/plain) in CBT.V508.FILE253.PDS, moved to PDS/BMANC
2025-04-04 06:46:34.883334 - Found BMANE.txt (text/plain) in CBT.V508.FILE253.PDS, moved to PDS/BMANE
2025-04-04 06:46:34.883443 - Found BMANI.txt (text/plain) in CBT.V508.FILE253.PDS, moved to PDS/BMANI
2025-04-04 06:46:34.883557 - Found BMANJ.txt (text/plain) in CBT.V508.FILE253.PDS, moved to PDS/BMANJ
2025-04-04 06:46:34.883687 - Found BMANV.txt (text/plain) in CBT.V508.FILE253.PDS, moved to PDS/BMANV
2025-04-04 06:46:34.883798 - Found BMCDB2.txt (text/plain) in CBT.V508.FILE253.PDS, moved to PDS/BMCDB2
2025-04-04 06:46:34.883912 - Found BMCDB2PR.txt (text/plain) in CBT.V508.FILE253.PDS, moved to PDS/BMCDB2PR
2025-04-04 06:46:34.884034 - Found BULDCMDS.rexx (text/plain) in CBT.V508.FILE253.PDS, moved to PDS/BULDCMDS
2025-04-04 06:46:34.884153 - Found CAICLS02.rexx (text/plain) in CBT.V508.FILE253.PDS, moved to PDS/CAICLS02
2025-04-04 06:46:34.884264 - Found CARTSALL.txt (text/plain) in CBT.V508.FILE253.PDS, moved to PDS/CARTSALL
2025-04-04 06:46:34.884385 - Found CARTSFRE.txt (text/plain) in CBT.V508.FILE253.PDS, moved to PDS/CARTSFRE
2025-04-04 06:46:34.884497 - Found CARTSSUB.txt (text/plain) in CBT.V508.FILE253.PDS, moved to PDS/CARTSSUB
2025-04-04 06:46:34.884607 - Found CARTSTS.txt (text/plain) in CBT.V508.FILE253.PDS, moved to PDS/CARTSTS
2025-04-04 06:46:34.884722 - Found CCFBKOUT.rexx (text/plain) in CBT.V508.FILE253.PDS, moved to PDS/CCFBKOUT
2025-04-04 06:46:34.884833 - Found CCFBMSLM.rexx (text/plain) in CBT.V508.FILE253.PDS, moved to PDS/CCFBMSLM
2025-04-04 06:46:34.884943 - Found CCFCOBCK.rexx (text/plain) in CBT.V508.FILE253.PDS, moved to PDS/CCFCOBCK
2025-04-04 06:46:34.885079 - Found CCFDYLDQ.rexx (text/plain) in CBT.V508.FILE253.PDS, moved to PDS/CCFDYLDQ
2025-04-04 06:46:34.885227 - Found CCFEMRGP.rexx (text/plain) in CBT.V508.FILE253.PDS, moved to PDS/CCFEMRGP
2025-04-04 06:46:34.885363 - Found CCFJRNAL.rexx (text/plain) in CBT.V508.FILE253.PDS, moved to PDS/CCFJRNAL
2025-04-04 06:46:34.885488 - Found CCFLOADL.rexx (text/plain) in CBT.V508.FILE253.PDS, moved to PDS/CCFLOADL
2025-04-04 06:46:34.885609 - Found CCFMEMBP.rexx (text/plain) in CBT.V508.FILE253.PDS, moved to PDS/CCFMEMBP
2025-04-04 06:46:34.885726 - Found CCFPROCP.rexx (text/plain) in CBT.V508.FILE253.PDS, moved to PDS/CCFPROCP
2025-04-04 06:46:34.885844 - Found CCFQACIC.rexx (text/plain) in CBT.V508.FILE253.PDS, moved to PDS/CCFQACIC
2025-04-04 06:46:34.885953 - Found CCFQACOB.rexx (text/plain) in CBT.V508.FILE253.PDS, moved to PDS/CCFQACOB
2025-04-04 06:46:34.886063 - Found CCFQADB2.rexx (text/plain) in CBT.V508.FILE253.PDS, moved to PDS/CCFQADB2
2025-04-04 06:46:34.886187 - Found CCFQADYL.rexx (text/plain) in CBT.V508.FILE253.PDS, moved to PDS/CCFQADYL
2025-04-04 06:46:34.886298 - Found CCFQASMB.rexx (text/plain) in CBT.V508.FILE253.PDS, moved to PDS/CCFQASMB
2025-04-04 06:46:34.886408 - Found CCFQDYL.rexx (text/plain) in CBT.V508.FILE253.PDS, moved to PDS/CCFQDYL
2025-04-04 06:46:34.886536 - Found CCFQREXX.rexx (text/plain) in CBT.V508.FILE253.PDS, moved to PDS/CCFQREXX
2025-04-04 06:46:34.886658 - Found CCFRARCH.rexx (text/plain) in CBT.V508.FILE253.PDS, moved to PDS/CCFRARCH
2025-04-04 06:46:34.886764 - Found CCFRMEMB.rexx (text/plain) in CBT.V508.FILE253.PDS, moved to PDS/CCFRMEMB
2025-04-04 06:46:34.886876 - Found CCFSCAN.rexx (text/plain) in CBT.V508.FILE253.PDS, moved to PDS/CCFSCAN
2025-04-04 06:46:34.886987 - Found CCMERG.rexx (text/plain) in CBT.V508.FILE253.PDS, moved to PDS/CCMERG
2025-04-04 06:46:34.887100 - Found CCPROC.rexx (text/plain) in CBT.V508.FILE253.PDS, moved to PDS/CCPROC
2025-04-04 06:46:34.887231 - Found CDRSCICS.rexx (text/plain) in CBT.V508.FILE253.PDS, moved to PDS/CDRSCICS
2025-04-04 06:46:34.887342 - Found CICDMPPR.rexx (text/plain) in CBT.V508.FILE253.PDS, moved to PDS/CICDMPPR
2025-04-04 06:46:34.887454 - Found CMCPE.txt (text/plain) in CBT.V508.FILE253.PDS, moved to PDS/CMCPE
2025-04-04 06:46:34.887570 - Found COBCOMPB.rexx (text/plain) in CBT.V508.FILE253.PDS, moved to PDS/COBCOMPB
2025-04-04 06:46:34.887676 - Found COBCOMPC.rexx (text/plain) in CBT.V508.FILE253.PDS, moved to PDS/COBCOMPC
2025-04-04 06:46:34.887790 - Found CONTROLB.txt (text/plain) in CBT.V508.FILE253.PDS, moved to PDS/CONTROLB
2025-04-04 06:46:34.887897 - Found COPYXRFZ.rexx (text/plain) in CBT.V508.FILE253.PDS, moved to PDS/COPYXRFZ
2025-04-04 06:46:34.888008 - Found CPLANAPF.rexx (text/plain) in CBT.V508.FILE253.PDS, moved to PDS/CPLANAPF
2025-04-04 06:46:34.888116 - Found CPLANTMN.rexx (text/plain) in CBT.V508.FILE253.PDS, moved to PDS/CPLANTMN
2025-04-04 06:46:34.888242 - Found CPMERG.rexx (text/plain) in CBT.V508.FILE253.PDS, moved to PDS/CPMERG
2025-04-04 06:46:34.888352 - Found CSDSCAN.rexx (text/plain) in CBT.V508.FILE253.PDS, moved to PDS/CSDSCAN
2025-04-04 06:46:34.888483 - Found CTBISPFB.txt (text/plain) in CBT.V508.FILE253.PDS, moved to PDS/CTBISPFB
2025-04-04 06:46:34.888591 - Found CTBISPFC.txt (text/plain) in CBT.V508.FILE253.PDS, moved to PDS/CTBISPFC
2025-04-04 06:46:34.888701 - Found CTBISPFE.txt (text/plain) in CBT.V508.FILE253.PDS, moved to PDS/CTBISPFE
2025-04-04 06:46:34.888816 - Found CTBISPFI.txt (text/plain) in CBT.V508.FILE253.PDS, moved to PDS/CTBISPFI
2025-04-04 06:46:34.888922 - Found CTBISPFJ.txt (text/plain) in CBT.V508.FILE253.PDS, moved to PDS/CTBISPFJ
2025-04-04 06:46:34.889028 - Found CTBISPFV.txt (text/plain) in CBT.V508.FILE253.PDS, moved to PDS/CTBISPFV
2025-04-04 06:46:34.889136 - Found CTBXTSOB.txt (text/plain) in CBT.V508.FILE253.PDS, moved to PDS/CTBXTSOB
2025-04-04 06:46:34.889251 - Found CTBXTSOC.txt (text/plain) in CBT.V508.FILE253.PDS, moved to PDS/CTBXTSOC
2025-04-04 06:46:34.889374 - Found CTBXTSOE.txt (text/plain) in CBT.V508.FILE253.PDS, moved to PDS/CTBXTSOE
2025-04-04 06:46:34.889482 - Found CTBXTSOI.txt (text/plain) in CBT.V508.FILE253.PDS, moved to PDS/CTBXTSOI
2025-04-04 06:46:34.889608 - Found CTBXTSOJ.txt (text/plain) in CBT.V508.FILE253.PDS, moved to PDS/CTBXTSOJ
2025-04-04 06:46:34.889716 - Found CTBXTSOV.txt (text/plain) in CBT.V508.FILE253.PDS, moved to PDS/CTBXTSOV
2025-04-04 06:46:34.889828 - Found CTDBKPRQ.txt (text/plain) in CBT.V508.FILE253.PDS, moved to PDS/CTDBKPRQ
2025-04-04 06:46:34.889943 - Found CTDCCND.txt (text/plain) in CBT.V508.FILE253.PDS, moved to PDS/CTDCCND
2025-04-04 06:46:34.890052 - Found CTDCREPS.txt (text/plain) in CBT.V508.FILE253.PDS, moved to PDS/CTDCREPS
2025-04-04 06:46:34.890158 - Found CTDCRMIS.txt (text/plain) in CBT.V508.FILE253.PDS, moved to PDS/CTDCRMIS
2025-04-04 06:46:34.890270 - Found CTDIOLV.txt (text/plain) in CBT.V508.FILE253.PDS, moved to PDS/CTDIOLV
2025-04-04 06:46:34.890388 - Found CTDISPF.txt (text/plain) in CBT.V508.FILE253.PDS, moved to PDS/CTDISPF
2025-04-04 06:46:34.890497 - Found CTDISPFU.txt (text/plain) in CBT.V508.FILE253.PDS, moved to PDS/CTDISPFU
2025-04-04 06:46:34.890618 - Found CTDOLV.txt (text/plain) in CBT.V508.FILE253.PDS, moved to PDS/CTDOLV
2025-04-04 06:46:34.890728 - Found CTDPC.txt (text/plain) in CBT.V508.FILE253.PDS, moved to PDS/CTDPC
2025-04-04 06:46:34.890838 - Found CTDPRTRQ.txt (text/plain) in CBT.V508.FILE253.PDS, moved to PDS/CTDPRTRQ
2025-04-04 06:46:34.890943 - Found CTDREPRQ.txt (text/plain) in CBT.V508.FILE253.PDS, moved to PDS/CTDREPRQ
2025-04-04 06:46:34.891050 - Found CTDRSTRQ.txt (text/plain) in CBT.V508.FILE253.PDS, moved to PDS/CTDRSTRQ
2025-04-04 06:46:34.891156 - Found CTDUPAMF.txt (text/plain) in CBT.V508.FILE253.PDS, moved to PDS/CTDUPAMF
2025-04-04 06:46:34.891268 - Found CTDXPC.txt (text/plain) in CBT.V508.FILE253.PDS, moved to PDS/CTDXPC
2025-04-04 06:46:34.891379 - Found CTDXTSO.txt (text/plain) in CBT.V508.FILE253.PDS, moved to PDS/CTDXTSO
2025-04-04 06:46:34.891500 - Found CTDXTSOU.txt (text/plain) in CBT.V508.FILE253.PDS, moved to PDS/CTDXTSOU
2025-04-04 06:46:34.891612 - Found CTMAES.txt (text/plain) in CBT.V508.FILE253.PDS, moved to PDS/CTMAES
2025-04-04 06:46:34.891739 - Found CTMCAES.txt (text/plain) in CBT.V508.FILE253.PDS, moved to PDS/CTMCAES
2025-04-04 06:46:34.891846 - Found CTMCALOC.txt (text/plain) in CBT.V508.FILE253.PDS, moved to PDS/CTMCALOC
2025-04-04 06:46:34.891952 - Found CTMCAMNU.txt (text/plain) in CBT.V508.FILE253.PDS, moved to PDS/CTMCAMNU
2025-04-04 06:46:34.892068 - Found CTMCAMST.txt (text/plain) in CBT.V508.FILE253.PDS, moved to PDS/CTMCAMST
2025-04-04 06:46:34.892177 - Found CTMCAUPT.txt (text/plain) in CBT.V508.FILE253.PDS, moved to PDS/CTMCAUPT
2025-04-04 06:46:34.892283 - Found CTMCCND.txt (text/plain) in CBT.V508.FILE253.PDS, moved to PDS/CTMCCND
2025-04-04 06:46:34.892389 - Found CTMCDAIL.txt (text/plain) in CBT.V508.FILE253.PDS, moved to PDS/CTMCDAIL
2025-04-04 06:46:34.892513 - Found CTMCFAST.txt (text/plain) in CBT.V508.FILE253.PDS, moved to PDS/CTMCFAST
2025-04-04 06:46:34.892637 - Found CTMCFMNU.txt (text/plain) in CBT.V508.FILE253.PDS, moved to PDS/CTMCFMNU
2025-04-04 06:46:34.892746 - Found CTMCFMST.txt (text/plain) in CBT.V508.FILE253.PDS, moved to PDS/CTMCFMST
2025-04-04 06:46:34.892861 - Found CTMCFUPT.txt (text/plain) in CBT.V508.FILE253.PDS, moved to PDS/CTMCFUPT
2025-04-04 06:46:34.892969 - Found CTMCJOBS.txt (text/plain) in CBT.V508.FILE253.PDS, moved to PDS/CTMCJOBS
2025-04-04 06:46:34.893074 - Found CTMCJSC.txt (text/plain) in CBT.V508.FILE253.PDS, moved to PDS/CTMCJSC
2025-04-04 06:46:34.893186 - Found CTMCK10.txt (text/plain) in CBT.V508.FILE253.PDS, moved to PDS/CTMCK10
2025-04-04 06:46:34.893301 - Found CTMCK15.txt (text/plain) in CBT.V508.FILE253.PDS, moved to PDS/CTMCK15
2025-04-04 06:46:34.893414 - Found CTMCK20.txt (text/plain) in CBT.V508.FILE253.PDS, moved to PDS/CTMCK20
2025-04-04 06:46:34.893531 - Found CTMCK30.txt (text/plain) in CBT.V508.FILE253.PDS, moved to PDS/CTMCK30
2025-04-04 06:46:34.893656 - Found CTMCK40.txt (text/plain) in CBT.V508.FILE253.PDS, moved to PDS/CTMCK40
2025-04-04 06:46:34.893780 - Found CTMCND.txt (text/plain) in CBT.V508.FILE253.PDS, moved to PDS/CTMCND
2025-04-04 06:46:34.893889 - Found CTMCSIM.txt (text/plain) in CBT.V508.FILE253.PDS, moved to PDS/CTMCSIM
2025-04-04 06:46:34.893994 - Found CTMDT.txt (text/plain) in CBT.V508.FILE253.PDS, moved to PDS/CTMDT
2025-04-04 06:46:34.894109 - Found CTMEXEC.txt (text/plain) in CBT.V508.FILE253.PDS, moved to PDS/CTMEXEC
2025-04-04 06:46:34.894233 - Found CTMFETCH.txt (text/plain) in CBT.V508.FILE253.PDS, moved to PDS/CTMFETCH
2025-04-04 06:46:34.894344 - Found CTMISPF.txt (text/plain) in CBT.V508.FILE253.PDS, moved to PDS/CTMISPF
2025-04-04 06:46:34.894461 - Found CTMISPFD.txt (text/plain) in CBT.V508.FILE253.PDS, moved to PDS/CTMISPFD
2025-04-04 06:46:34.894624 - Found CTMJBINT.txt (text/plain) in CBT.V508.FILE253.PDS, moved to PDS/CTMJBINT
2025-04-04 06:46:34.894740 - Found CTMJOBRQ.txt (text/plain) in CBT.V508.FILE253.PDS, moved to PDS/CTMJOBRQ
2025-04-04 06:46:34.894849 - Found CTMQUICK.txt (text/plain) in CBT.V508.FILE253.PDS, moved to PDS/CTMQUICK
2025-04-04 06:46:34.894958 - Found CTMSETSB.txt (text/plain) in CBT.V508.FILE253.PDS, moved to PDS/CTMSETSB
2025-04-04 06:46:34.895071 - Found CTMXTSO.txt (text/plain) in CBT.V508.FILE253.PDS, moved to PDS/CTMXTSO
2025-04-04 06:46:34.895191 - Found CTMXTSOD.txt (text/plain) in CBT.V508.FILE253.PDS, moved to PDS/CTMXTSOD
2025-04-04 06:46:34.895300 - Found CTOISPF.txt (text/plain) in CBT.V508.FILE253.PDS, moved to PDS/CTOISPF
2025-04-04 06:46:34.895409 - Found CTOISPFK.txt (text/plain) in CBT.V508.FILE253.PDS, moved to PDS/CTOISPFK
2025-04-04 06:46:34.895516 - Found CTOXTSO.txt (text/plain) in CBT.V508.FILE253.PDS, moved to PDS/CTOXTSO
2025-04-04 06:46:34.895625 - Found CTOXTSOK.txt (text/plain) in CBT.V508.FILE253.PDS, moved to PDS/CTOXTSOK
2025-04-04 06:46:34.895730 - Found CTRCCLN.txt (text/plain) in CBT.V508.FILE253.PDS, moved to PDS/CTRCCLN
2025-04-04 06:46:34.895869 - Found CTRCSIM.txt (text/plain) in CBT.V508.FILE253.PDS, moved to PDS/CTRCSIM
2025-04-04 06:46:34.895981 - Found CTRMACRO.txt (text/plain) in CBT.V508.FILE253.PDS, moved to PDS/CTRMACRO
2025-04-04 06:46:34.896100 - Found CTTCRSS.txt (text/plain) in CBT.V508.FILE253.PDS, moved to PDS/CTTCRSS
2025-04-04 06:46:34.896216 - Found CTTISPFA.txt (text/plain) in CBT.V508.FILE253.PDS, moved to PDS/CTTISPFA
2025-04-04 06:46:34.896340 - Found CTTISPFG.txt (text/plain) in CBT.V508.FILE253.PDS, moved to PDS/CTTISPFG
2025-04-04 06:46:34.896452 - Found CTTISPFH.txt (text/plain) in CBT.V508.FILE253.PDS, moved to PDS/CTTISPFH
2025-04-04 06:46:34.896563 - Found CTTISPFL.txt (text/plain) in CBT.V508.FILE253.PDS, moved to PDS/CTTISPFL
2025-04-04 06:46:34.896668 - Found CTTISPFN.txt (text/plain) in CBT.V508.FILE253.PDS, moved to PDS/CTTISPFN
2025-04-04 06:46:34.896776 - Found CTTISPFP.txt (text/plain) in CBT.V508.FILE253.PDS, moved to PDS/CTTISPFP
2025-04-04 06:46:34.896896 - Found CTTISPFQ.txt (text/plain) in CBT.V508.FILE253.PDS, moved to PDS/CTTISPFQ
2025-04-04 06:46:34.897006 - Found CTTISPFR.txt (text/plain) in CBT.V508.FILE253.PDS, moved to PDS/CTTISPFR
2025-04-04 06:46:34.897118 - Found CTTISPFT.txt (text/plain) in CBT.V508.FILE253.PDS, moved to PDS/CTTISPFT
2025-04-04 06:46:34.897230 - Found CTTISPFX.txt (text/plain) in CBT.V508.FILE253.PDS, moved to PDS/CTTISPFX
2025-04-04 06:46:34.897352 - Found CTTISPFY.txt (text/plain) in CBT.V508.FILE253.PDS, moved to PDS/CTTISPFY
2025-04-04 06:46:34.897461 - Found CTTISPFZ.txt (text/plain) in CBT.V508.FILE253.PDS, moved to PDS/CTTISPFZ
2025-04-04 06:46:34.897570 - Found CTTONL.txt (text/plain) in CBT.V508.FILE253.PDS, moved to PDS/CTTONL
2025-04-04 06:46:34.897676 - Found CTTTLMS.txt (text/plain) in CBT.V508.FILE253.PDS, moved to PDS/CTTTLMS
2025-04-04 06:46:34.897783 - Found CTTXTSOA.txt (text/plain) in CBT.V508.FILE253.PDS, moved to PDS/CTTXTSOA
2025-04-04 06:46:34.897891 - Found CTTXTSOG.txt (text/plain) in CBT.V508.FILE253.PDS, moved to PDS/CTTXTSOG
2025-04-04 06:46:34.898011 - Found CTTXTSOH.txt (text/plain) in CBT.V508.FILE253.PDS, moved to PDS/CTTXTSOH
2025-04-04 06:46:34.898118 - Found CTTXTSOL.txt (text/plain) in CBT.V508.FILE253.PDS, moved to PDS/CTTXTSOL
2025-04-04 06:46:34.898227 - Found CTTXTSON.txt (text/plain) in CBT.V508.FILE253.PDS, moved to PDS/CTTXTSON
2025-04-04 06:46:34.898335 - Found CTTXTSOP.txt (text/plain) in CBT.V508.FILE253.PDS, moved to PDS/CTTXTSOP
2025-04-04 06:46:34.898445 - Found CTTXTSOQ.txt (text/plain) in CBT.V508.FILE253.PDS, moved to PDS/CTTXTSOQ
2025-04-04 06:46:34.898567 - Found CTTXTSOR.txt (text/plain) in CBT.V508.FILE253.PDS, moved to PDS/CTTXTSOR
2025-04-04 06:46:34.898674 - Found CTTXTSOT.txt (text/plain) in CBT.V508.FILE253.PDS, moved to PDS/CTTXTSOT
2025-04-04 06:46:34.898780 - Found CTTXTSOX.txt (text/plain) in CBT.V508.FILE253.PDS, moved to PDS/CTTXTSOX
2025-04-04 06:46:34.898887 - Found CTTXTSOY.txt (text/plain) in CBT.V508.FILE253.PDS, moved to PDS/CTTXTSOY
2025-04-04 06:46:34.899003 - Found CTTXTSOZ.txt (text/plain) in CBT.V508.FILE253.PDS, moved to PDS/CTTXTSOZ
2025-04-04 06:46:34.899116 - Found DASDBULD.rexx (text/plain) in CBT.V508.FILE253.PDS, moved to PDS/DASDBULD
2025-04-04 06:46:34.899229 - Found DASDBUL3.rexx (text/plain) in CBT.V508.FILE253.PDS, moved to PDS/DASDBUL3
2025-04-04 06:46:34.899343 - Found DASDBUL4.rexx (text/plain) in CBT.V508.FILE253.PDS, moved to PDS/DASDBUL4
2025-04-04 06:46:34.899473 - Found DASDBUL5.rexx (text/plain) in CBT.V508.FILE253.PDS, moved to PDS/DASDBUL5
2025-04-04 06:46:34.899582 - Found DASDBUL6.rexx (text/plain) in CBT.V508.FILE253.PDS, moved to PDS/DASDBUL6
2025-04-04 06:46:34.899686 - Found DASDPULL.rexx (text/plain) in CBT.V508.FILE253.PDS, moved to PDS/DASDPULL
2025-04-04 06:46:34.899798 - Found DB2BINDB.rexx (text/plain) in CBT.V508.FILE253.PDS, moved to PDS/DB2BINDB
2025-04-04 06:46:34.899908 - Found DB2BINDC.rexx (text/plain) in CBT.V508.FILE253.PDS, moved to PDS/DB2BINDC
2025-04-04 06:46:34.900019 - Found DB2BPROD.rexx (text/plain) in CBT.V508.FILE253.PDS, moved to PDS/DB2BPROD
2025-04-04 06:46:34.900136 - Found DB2CHKSS.rexx (text/plain) in CBT.V508.FILE253.PDS, moved to PDS/DB2CHKSS
2025-04-04 06:46:34.900254 - Found DB2COBCK.rexx (text/plain) in CBT.V508.FILE253.PDS, moved to PDS/DB2COBCK
2025-04-04 06:46:34.900366 - Found DB2DYLDQ.rexx (text/plain) in CBT.V508.FILE253.PDS, moved to PDS/DB2DYLDQ
2025-04-04 06:46:34.900480 - Found DB2DYLGT.rexx (text/plain) in CBT.V508.FILE253.PDS, moved to PDS/DB2DYLGT
2025-04-04 06:46:34.900587 - Found DB2EBGRT.rexx (text/plain) in CBT.V508.FILE253.PDS, moved to PDS/DB2EBGRT
2025-04-04 06:46:34.900714 - Found DB2ECGRT.rexx (text/plain) in CBT.V508.FILE253.PDS, moved to PDS/DB2ECGRT
2025-04-04 06:46:34.900823 - Found DB2GRNTP.rexx (text/plain) in CBT.V508.FILE253.PDS, moved to PDS/DB2GRNTP
2025-04-04 06:46:34.900929 - Found DB2PACKB.rexx (text/plain) in CBT.V508.FILE253.PDS, moved to PDS/DB2PACKB
2025-04-04 06:46:34.901036 - Found DB2PBPRM.rexx (text/plain) in CBT.V508.FILE253.PDS, moved to PDS/DB2PBPRM
2025-04-04 06:46:34.901152 - Found DB2PCPRM.rexx (text/plain) in CBT.V508.FILE253.PDS, moved to PDS/DB2PCPRM
2025-04-04 06:46:34.901273 - Found DB2PKBND.rexx (text/plain) in CBT.V508.FILE253.PDS, moved to PDS/DB2PKBND
2025-04-04 06:46:34.901386 - Found DB2PRDB1.rexx (text/plain) in CBT.V508.FILE253.PDS, moved to PDS/DB2PRDB1
2025-04-04 06:46:34.901498 - Found DB2PRDC1.rexx (text/plain) in CBT.V508.FILE253.PDS, moved to PDS/DB2PRDC1
2025-04-04 06:46:34.901632 - Found DB2QACPB.rexx (text/plain) in CBT.V508.FILE253.PDS, moved to PDS/DB2QACPB
2025-04-04 06:46:34.901740 - Found DB2QAPBN.rexx (text/plain) in CBT.V508.FILE253.PDS, moved to PDS/DB2QAPBN
2025-04-04 06:46:34.901846 - Found DB2QAPRM.rexx (text/plain) in CBT.V508.FILE253.PDS, moved to PDS/DB2QAPRM
2025-04-04 06:46:34.901957 - Found DB2RMLIB.rexx (text/plain) in CBT.V508.FILE253.PDS, moved to PDS/DB2RMLIB
2025-04-04 06:46:34.902061 - Found DB2TEPCK.rexx (text/plain) in CBT.V508.FILE253.PDS, moved to PDS/DB2TEPCK
2025-04-04 06:46:34.902169 - Found DB2TIACK.rexx (text/plain) in CBT.V508.FILE253.PDS, moved to PDS/DB2TIACK
2025-04-04 06:46:34.902301 - Found DDSSHUT.rexx (text/plain) in CBT.V508.FILE253.PDS, moved to PDS/DDSSHUT
2025-04-04 06:46:34.902409 - Found DDSSTART.rexx (text/plain) in CBT.V508.FILE253.PDS, moved to PDS/DDSSTART
2025-04-04 06:46:34.902522 - Found DELETENV.rexx (text/plain) in CBT.V508.FILE253.PDS, moved to PDS/DELETENV
2025-04-04 06:46:34.902648 - Found DELETGDG.rexx (text/plain) in CBT.V508.FILE253.PDS, moved to PDS/DELETGDG
2025-04-04 06:46:34.902756 - Found DELNVR.rexx (text/plain) in CBT.V508.FILE253.PDS, moved to PDS/DELNVR
2025-04-04 06:46:34.903017 - Found DELVVR.rexx (text/plain) in CBT.V508.FILE253.PDS, moved to PDS/DELVVR
2025-04-04 06:46:34.903160 - Found DISPATCH.txt (text/plain) in CBT.V508.FILE253.PDS, moved to PDS/DISPATCH
2025-04-04 06:46:34.903291 - Found DISPOLVO.txt (text/plain) in CBT.V508.FILE253.PDS, moved to PDS/DISPOLVO
2025-04-04 06:46:34.903413 - Found DMAN.txt (text/plain) in CBT.V508.FILE253.PDS, moved to PDS/DMAN
2025-04-04 06:46:34.903528 - Found DOMCLIST.txt (text/plain) in CBT.V508.FILE253.PDS, moved to PDS/DOMCLIST
2025-04-04 06:46:34.903662 - Found DRERPROF.rexx (text/plain) in CBT.V508.FILE253.PDS, moved to PDS/DRERPROF
2025-04-04 06:46:34.903774 - Found EDITPDS.rexx (text/plain) in CBT.V508.FILE253.PDS, moved to PDS/EDITPDS
2025-04-04 06:46:34.903886 - Found ELIPS$CR.rexx (text/plain) in CBT.V508.FILE253.PDS, moved to PDS/ELIPS$CR
2025-04-04 06:46:34.904002 - Found ELIPS$FE.rexx (text/plain) in CBT.V508.FILE253.PDS, moved to PDS/ELIPS$FE
2025-04-04 06:46:34.904111 - Found ELIPS$GA.rexx (text/plain) in CBT.V508.FILE253.PDS, moved to PDS/ELIPS$GA
2025-04-04 06:46:34.904225 - Found EXECUPDT.rexx (text/plain) in CBT.V508.FILE253.PDS, moved to PDS/EXECUPDT
2025-04-04 06:46:34.904352 - Found FCTMERG.rexx (text/plain) in CBT.V508.FILE253.PDS, moved to PDS/FCTMERG
2025-04-04 06:46:34.904625 - Found FDMERG.rexx (text/plain) in CBT.V508.FILE253.PDS, moved to PDS/FDMERG
2025-04-04 06:46:34.904740 - Found FINDEXEC.rexx (text/plain) in CBT.V508.FILE253.PDS, moved to PDS/FINDEXEC
2025-04-04 06:46:34.904848 - Found FINDLLIB.rexx (text/plain) in CBT.V508.FILE253.PDS, moved to PDS/FINDLLIB
2025-04-04 06:46:34.904956 - Found FINDLOAD.rexx (text/plain) in CBT.V508.FILE253.PDS, moved to PDS/FINDLOAD
2025-04-04 06:46:34.905061 - Found FINDMLIB.rexx (text/plain) in CBT.V508.FILE253.PDS, moved to PDS/FINDMLIB
2025-04-04 06:46:34.905166 - Found FINDPLIB.rexx (text/plain) in CBT.V508.FILE253.PDS, moved to PDS/FINDPLIB
2025-04-04 06:46:34.905272 - Found FINDSLIB.rexx (text/plain) in CBT.V508.FILE253.PDS, moved to PDS/FINDSLIB
2025-04-04 06:46:34.905397 - Found FINDTLIB.rexx (text/plain) in CBT.V508.FILE253.PDS, moved to PDS/FINDTLIB
2025-04-04 06:46:34.905514 - Found FL.rexx (text/plain) in CBT.V508.FILE253.PDS, moved to PDS/FL
2025-04-04 06:46:34.905628 - Found FOCCLIST.txt (text/plain) in CBT.V508.FILE253.PDS, moved to PDS/FOCCLIST
2025-04-04 06:46:34.905756 - Found FQXRF.txt (text/plain) in CBT.V508.FILE253.PDS, moved to PDS/FQXRF
2025-04-04 06:46:34.905868 - Found FTLMS.txt (text/plain) in CBT.V508.FILE253.PDS, moved to PDS/FTLMS
2025-04-04 06:46:34.905977 - Found FTTSO.rexx (text/plain) in CBT.V508.FILE253.PDS, moved to PDS/FTTSO
2025-04-04 06:46:34.906083 - Found FXREF.txt (text/plain) in CBT.V508.FILE253.PDS, moved to PDS/FXREF
2025-04-04 06:46:34.906189 - Found HOLDLIST.rexx (text/plain) in CBT.V508.FILE253.PDS, moved to PDS/HOLDLIST
2025-04-04 06:46:34.906298 - Found IOA.txt (text/plain) in CBT.V508.FILE253.PDS, moved to PDS/IOA
2025-04-04 06:46:34.906419 - Found IOACCND.txt (text/plain) in CBT.V508.FILE253.PDS, moved to PDS/IOACCND
2025-04-04 06:46:34.906534 - Found IOAMAINT.txt (text/plain) in CBT.V508.FILE253.PDS, moved to PDS/IOAMAINT
2025-04-04 06:46:34.906651 - Found IOAONL.txt (text/plain) in CBT.V508.FILE253.PDS, moved to PDS/IOAONL
2025-04-04 06:46:34.906761 - Found IOAVERFY.txt (text/plain) in CBT.V508.FILE253.PDS, moved to PDS/IOAVERFY
2025-04-04 06:46:34.906869 - Found IPCSINIT.rexx (text/plain) in CBT.V508.FILE253.PDS, moved to PDS/IPCSINIT
2025-04-04 06:46:34.907019 - Found ISPCMDS.bin (application/octet-stream) in CBT.V508.FILE253.PDS, moved to PDS/ISPCMDS
2025-04-04 06:46:34.907124 - Found JCWMORT.txt (text/plain) in CBT.V508.FILE253.PDS, moved to PDS/JCWMORT
2025-04-04 06:46:34.907237 - Found JRWSERCH.rexx (text/plain) in CBT.V508.FILE253.PDS, moved to PDS/JRWSERCH
2025-04-04 06:46:34.907395 - Found JRWSERC1.rexx (text/plain) in CBT.V508.FILE253.PDS, moved to PDS/JRWSERC1
2025-04-04 06:46:34.907536 - Found JULIAN.rexx (text/plain) in CBT.V508.FILE253.PDS, moved to PDS/JULIAN
2025-04-04 06:46:34.907672 - Found KTLMSX.rexx (text/plain) in CBT.V508.FILE253.PDS, moved to PDS/KTLMSX
2025-04-04 06:46:34.907877 - Found KWBACKUP.rexx (text/plain) in CBT.V508.FILE253.PDS, moved to PDS/KWBACKUP
2025-04-04 06:46:34.908073 - Found KWRESTOR.rexx (text/plain) in CBT.V508.FILE253.PDS, moved to PDS/KWRESTOR
2025-04-04 06:46:34.908227 - Found LAMXCEPT.rexx (text/plain) in CBT.V508.FILE253.PDS, moved to PDS/LAMXCEPT
2025-04-04 06:46:34.908390 - Found LBBROWSE.rexx (text/plain) in CBT.V508.FILE253.PDS, moved to PDS/LBBROWSE
2025-04-04 06:46:34.908570 - Found LBCLOSE.rexx (text/plain) in CBT.V508.FILE253.PDS, moved to PDS/LBCLOSE
2025-04-04 06:46:34.908713 - Found LBCOMPAR.rexx (text/plain) in CBT.V508.FILE253.PDS, moved to PDS/LBCOMPAR
2025-04-04 06:46:34.908861 - Found LBEXPAND.rexx (text/plain) in CBT.V508.FILE253.PDS, moved to PDS/LBEXPAND
2025-04-04 06:46:34.909030 - Found LBFETCH.rexx (text/plain) in CBT.V508.FILE253.PDS, moved to PDS/LBFETCH
2025-04-04 06:46:34.909210 - Found LBHSTUPD.rexx (text/plain) in CBT.V508.FILE253.PDS, moved to PDS/LBHSTUPD
2025-04-04 06:46:34.909356 - Found LBLOGOUT.rexx (text/plain) in CBT.V508.FILE253.PDS, moved to PDS/LBLOGOUT
2025-04-04 06:46:34.909505 - Found LBSCAN.rexx (text/plain) in CBT.V508.FILE253.PDS, moved to PDS/LBSCAN
2025-04-04 06:46:34.909657 - Found LGNALIAS.rexx (text/plain) in CBT.V508.FILE253.PDS, moved to PDS/LGNALIAS
2025-04-04 06:46:34.909793 - Found LIBALLDD.rexx (text/plain) in CBT.V508.FILE253.PDS, moved to PDS/LIBALLDD
2025-04-04 06:46:34.909936 - Found LIBALLOC.rexx (text/plain) in CBT.V508.FILE253.PDS, moved to PDS/LIBALLOC
2025-04-04 06:46:34.910078 - Found LIBALLOD.rexx (text/plain) in CBT.V508.FILE253.PDS, moved to PDS/LIBALLOD
2025-04-04 06:46:34.910270 - Found LIBDSRCE.rexx (text/plain) in CBT.V508.FILE253.PDS, moved to PDS/LIBDSRCE
2025-04-04 06:46:34.910417 - Found LIBEXPND.rexx (text/plain) in CBT.V508.FILE253.PDS, moved to PDS/LIBEXPND
2025-04-04 06:46:34.910560 - Found LIBFCRSR.rexx (text/plain) in CBT.V508.FILE253.PDS, moved to PDS/LIBFCRSR
2025-04-04 06:46:34.910718 - Found LIBPURGE.rexx (text/plain) in CBT.V508.FILE253.PDS, moved to PDS/LIBPURGE
2025-04-04 06:46:34.910847 - Found LIBRINIT.rexx (text/plain) in CBT.V508.FILE253.PDS, moved to PDS/LIBRINIT
2025-04-04 06:46:34.910982 - Found LINKLIST.rexx (text/plain) in CBT.V508.FILE253.PDS, moved to PDS/LINKLIST
2025-04-04 06:46:34.911108 - Found LLAUP.rexx (text/plain) in CBT.V508.FILE253.PDS, moved to PDS/LLAUP
2025-04-04 06:46:34.911248 - Found LOGOFF.rexx (text/plain) in CBT.V508.FILE253.PDS, moved to PDS/LOGOFF
2025-04-04 06:46:34.911373 - Found LOGOFFON.rexx (text/plain) in CBT.V508.FILE253.PDS, moved to PDS/LOGOFFON
2025-04-04 06:46:34.911485 - Found LOGON.rexx (text/plain) in CBT.V508.FILE253.PDS, moved to PDS/LOGON
2025-04-04 06:46:34.911619 - Found LOOKCMDS.rexx (text/plain) in CBT.V508.FILE253.PDS, moved to PDS/LOOKCMDS
2025-04-04 06:46:34.911745 - Found LPAR.rexx (text/plain) in CBT.V508.FILE253.PDS, moved to PDS/LPAR
2025-04-04 06:46:34.911870 - Found MAINVIEW.txt (text/plain) in CBT.V508.FILE253.PDS, moved to PDS/MAINVIEW
2025-04-04 06:46:34.912004 - Found MMSBUILD.rexx (text/plain) in CBT.V508.FILE253.PDS, moved to PDS/MMSBUILD
2025-04-04 06:46:34.912121 - Found MODMATCH.rexx (text/plain) in CBT.V508.FILE253.PDS, moved to PDS/MODMATCH
2025-04-04 06:46:34.912269 - Found NUAIBOUT.txt (text/plain) in CBT.V508.FILE253.PDS, moved to PDS/NUAIBOUT
2025-04-04 06:46:34.912376 - Found NUAIBROW.txt (text/plain) in CBT.V508.FILE253.PDS, moved to PDS/NUAIBROW
2025-04-04 06:46:34.912486 - Found NUAIBRWE.txt (text/plain) in CBT.V508.FILE253.PDS, moved to PDS/NUAIBRWE
2025-04-04 06:46:34.912594 - Found NUAIEDIT.txt (text/plain) in CBT.V508.FILE253.PDS, moved to PDS/NUAIEDIT
2025-04-04 06:46:34.912703 - Found NUAIEDTE.txt (text/plain) in CBT.V508.FILE253.PDS, moved to PDS/NUAIEDTE
2025-04-04 06:46:34.912868 - Found NUAIHOST.txt (text/plain) in CBT.V508.FILE253.PDS, moved to PDS/NUAIHOST
2025-04-04 06:46:34.913001 - Found NUAIINIT.txt (text/plain) in CBT.V508.FILE253.PDS, moved to PDS/NUAIINIT
2025-04-04 06:46:34.913114 - Found NUAILCMD.txt (text/plain) in CBT.V508.FILE253.PDS, moved to PDS/NUAILCMD
2025-04-04 06:46:34.913268 - Found NUAIMENU.txt (text/plain) in CBT.V508.FILE253.PDS, moved to PDS/NUAIMENU
2025-04-04 06:46:34.913511 - Found NUAINATV.txt (text/plain) in CBT.V508.FILE253.PDS, moved to PDS/NUAINATV
2025-04-04 06:46:34.913623 - Found NUAIPSV.txt (text/plain) in CBT.V508.FILE253.PDS, moved to PDS/NUAIPSV
2025-04-04 06:46:34.913730 - Found NUAIQUAL.txt (text/plain) in CBT.V508.FILE253.PDS, moved to PDS/NUAIQUAL
2025-04-04 06:46:34.913957 - Found NUAIRCMD.txt (text/plain) in CBT.V508.FILE253.PDS, moved to PDS/NUAIRCMD
2025-04-04 06:46:34.914073 - Found NUAISHOW.txt (text/plain) in CBT.V508.FILE253.PDS, moved to PDS/NUAISHOW
2025-04-04 06:46:34.914182 - Found NUAITRAN.txt (text/plain) in CBT.V508.FILE253.PDS, moved to PDS/NUAITRAN
2025-04-04 06:46:34.914293 - Found NUAIUCMD.txt (text/plain) in CBT.V508.FILE253.PDS, moved to PDS/NUAIUCMD
2025-04-04 06:46:34.914401 - Found NUAIVSET.txt (text/plain) in CBT.V508.FILE253.PDS, moved to PDS/NUAIVSET
2025-04-04 06:46:34.914506 - Found NUAIWILD.txt (text/plain) in CBT.V508.FILE253.PDS, moved to PDS/NUAIWILD
2025-04-04 06:46:34.914612 - Found NUATYPE.txt (text/plain) in CBT.V508.FILE253.PDS, moved to PDS/NUATYPE
2025-04-04 06:46:34.914722 - Found NUAUSER.txt (text/plain) in CBT.V508.FILE253.PDS, moved to PDS/NUAUSER
2025-04-04 06:46:34.914833 - Found NWABEND.rexx (text/plain) in CBT.V508.FILE253.PDS, moved to PDS/NWABEND
2025-04-04 06:46:34.914947 - Found NWABEND2.rexx (text/plain) in CBT.V508.FILE253.PDS, moved to PDS/NWABEND2
2025-04-04 06:46:34.915069 - Found NWALLOC.rexx (text/plain) in CBT.V508.FILE253.PDS, moved to PDS/NWALLOC
2025-04-04 06:46:34.915193 - Found NWALLOCV.rexx (text/plain) in CBT.V508.FILE253.PDS, moved to PDS/NWALLOCV
2025-04-04 06:46:34.915302 - Found NWBACKUP.rexx (text/plain) in CBT.V508.FILE253.PDS, moved to PDS/NWBACKUP
2025-04-04 06:46:34.915443 - Found NWBNETEX.rexx (text/plain) in CBT.V508.FILE253.PDS, moved to PDS/NWBNETEX
2025-04-04 06:46:34.915573 - Found NWBTCPIP.rexx (text/plain) in CBT.V508.FILE253.PDS, moved to PDS/NWBTCPIP
2025-04-04 06:46:34.915709 - Found NWREALTY.rexx (text/plain) in CBT.V508.FILE253.PDS, moved to PDS/NWREALTY
2025-04-04 06:46:34.915837 - Found NWREST.rexx (text/plain) in CBT.V508.FILE253.PDS, moved to PDS/NWREST
2025-04-04 06:46:34.915946 - Found NWRESTOR.rexx (text/plain) in CBT.V508.FILE253.PDS, moved to PDS/NWRESTOR
2025-04-04 06:46:34.916076 - Found NWRSTLOG.rexx (text/plain) in CBT.V508.FILE253.PDS, moved to PDS/NWRSTLOG
2025-04-04 06:46:34.916200 - Found ODASDB.rexx (text/plain) in CBT.V508.FILE253.PDS, moved to PDS/ODASDB
2025-04-04 06:46:34.916323 - Found ODRSCICS.rexx (text/plain) in CBT.V508.FILE253.PDS, moved to PDS/ODRSCICS
2025-04-04 06:46:34.916466 - Found OLDREST.rexx (text/plain) in CBT.V508.FILE253.PDS, moved to PDS/OLDREST
2025-04-04 06:46:34.916597 - Found OLDSDBLD.rexx (text/plain) in CBT.V508.FILE253.PDS, moved to PDS/OLDSDBLD
2025-04-04 06:46:34.916724 - Found OLDSDBL2.rexx (text/plain) in CBT.V508.FILE253.PDS, moved to PDS/OLDSDBL2
2025-04-04 06:46:34.916857 - Found ONWABEND.rexx (text/plain) in CBT.V508.FILE253.PDS, moved to PDS/ONWABEND
2025-04-04 06:46:34.916987 - Found ONWALLOC.rexx (text/plain) in CBT.V508.FILE253.PDS, moved to PDS/ONWALLOC
2025-04-04 06:46:34.917104 - Found ONWREST.rexx (text/plain) in CBT.V508.FILE253.PDS, moved to PDS/ONWREST
2025-04-04 06:46:34.917225 - Found OP.rexx (text/plain) in CBT.V508.FILE253.PDS, moved to PDS/OP
2025-04-04 06:46:34.917358 - Found OPER.rexx (text/plain) in CBT.V508.FILE253.PDS, moved to PDS/OPER
2025-04-04 06:46:34.917512 - Found OTLMSX.rexx (text/plain) in CBT.V508.FILE253.PDS, moved to PDS/OTLMSX
2025-04-04 06:46:34.917644 - Found OWBACKUP.rexx (text/plain) in CBT.V508.FILE253.PDS, moved to PDS/OWBACKUP
2025-04-04 06:46:34.917801 - Found OWRESTOR.rexx (text/plain) in CBT.V508.FILE253.PDS, moved to PDS/OWRESTOR
2025-04-04 06:46:34.917926 - Found PDF.rexx (text/plain) in CBT.V508.FILE253.PDS, moved to PDS/PDF
2025-04-04 06:46:34.918175 - Found PDSMATCH.rexx (text/plain) in CBT.V508.FILE253.PDS, moved to PDS/PDSMATCH
2025-04-04 06:46:34.918366 - Found PRINTLOG.rexx (text/plain) in CBT.V508.FILE253.PDS, moved to PDS/PRINTLOG
2025-04-04 06:46:34.918509 - Found PRINTQMF.rexx (text/plain) in CBT.V508.FILE253.PDS, moved to PDS/PRINTQMF
2025-04-04 06:46:34.918669 - Found PXREFPRC.rexx (text/plain) in CBT.V508.FILE253.PDS, moved to PDS/PXREFPRC
2025-04-04 06:46:34.918800 - Found QAXREF.txt (text/plain) in CBT.V508.FILE253.PDS, moved to PDS/QAXREF
2025-04-04 06:46:34.918926 - Found QWSDSF.rexx (text/plain) in CBT.V508.FILE253.PDS, moved to PDS/QWSDSF
2025-04-04 06:46:34.919051 - Found QXOLD.rexx (text/plain) in CBT.V508.FILE253.PDS, moved to PDS/QXOLD
2025-04-04 06:46:34.919173 - Found RACRESUM.rexx (text/plain) in CBT.V508.FILE253.PDS, moved to PDS/RACRESUM
2025-04-04 06:46:34.919287 - Found RCAPAF.rexx (text/plain) in CBT.V508.FILE253.PDS, moved to PDS/RCAPAF
2025-04-04 06:46:34.919410 - Found REFRESH.rexx (text/plain) in CBT.V508.FILE253.PDS, moved to PDS/REFRESH
2025-04-04 06:46:34.919599 - Found REXXSMF.rexx (text/plain) in CBT.V508.FILE253.PDS, moved to PDS/REXXSMF
2025-04-04 06:46:34.919719 - Found RMAXMON.rexx (text/plain) in CBT.V508.FILE253.PDS, moved to PDS/RMAXMON
2025-04-04 06:46:34.919838 - Found SAF.txt (text/plain) in CBT.V508.FILE253.PDS, moved to PDS/SAF
2025-04-04 06:46:34.919977 - Found SAS608.txt (text/plain) in CBT.V508.FILE253.PDS, moved to PDS/SAS608
2025-04-04 06:46:34.920085 - Found SAVEACDS.rexx (text/plain) in CBT.V508.FILE253.PDS, moved to PDS/SAVEACDS
2025-04-04 06:46:34.920237 - Found SAVENWB.rexx (text/plain) in CBT.V508.FILE253.PDS, moved to PDS/SAVENWB
2025-04-04 06:46:34.920360 - Found SPACECMP.rexx (text/plain) in CBT.V508.FILE253.PDS, moved to PDS/SPACECMP
2025-04-04 06:46:34.920497 - Found SPACEREQ.rexx (text/plain) in CBT.V508.FILE253.PDS, moved to PDS/SPACEREQ
2025-04-04 06:46:34.920616 - Found STKVOL.rexx (text/plain) in CBT.V508.FILE253.PDS, moved to PDS/STKVOL
2025-04-04 06:46:34.920749 - Found STRLBDEF.txt (text/plain) in CBT.V508.FILE253.PDS, moved to PDS/STRLBDEF
2025-04-04 06:46:34.920890 - Found SYSUP.rexx (text/plain) in CBT.V508.FILE253.PDS, moved to PDS/SYSUP
2025-04-04 06:46:34.921013 - Found SYSUTIL.rexx (text/plain) in CBT.V508.FILE253.PDS, moved to PDS/SYSUTIL
2025-04-04 06:46:34.921306 - Found TESTF.txt (text/plain) in CBT.V508.FILE253.PDS, moved to PDS/TESTF
2025-04-04 06:46:34.921454 - Found TLL.rexx (text/plain) in CBT.V508.FILE253.PDS, moved to PDS/TLL
2025-04-04 06:46:34.921589 - Found TLMSDISP.rexx (text/plain) in CBT.V508.FILE253.PDS, moved to PDS/TLMSDISP
2025-04-04 06:46:34.921716 - Found TLMSMERG.rexx (text/plain) in CBT.V508.FILE253.PDS, moved to PDS/TLMSMERG
2025-04-04 06:46:34.921845 - Found TLMSMRGX.rexx (text/plain) in CBT.V508.FILE253.PDS, moved to PDS/TLMSMRGX
2025-04-04 06:46:34.921976 - Found TLMSX.txt (text/plain) in CBT.V508.FILE253.PDS, moved to PDS/TLMSX
2025-04-04 06:46:34.922113 - Found TLMSXOLD.rexx (text/plain) in CBT.V508.FILE253.PDS, moved to PDS/TLMSXOLD
2025-04-04 06:46:34.922229 - Found TMAN.txt (text/plain) in CBT.V508.FILE253.PDS, moved to PDS/TMAN
2025-04-04 06:46:34.922347 - Found TMANA.txt (text/plain) in CBT.V508.FILE253.PDS, moved to PDS/TMANA
2025-04-04 06:46:34.922464 - Found TMAND.txt (text/plain) in CBT.V508.FILE253.PDS, moved to PDS/TMAND
2025-04-04 06:46:34.922591 - Found TMANG.txt (text/plain) in CBT.V508.FILE253.PDS, moved to PDS/TMANG
2025-04-04 06:46:34.922719 - Found TMANH.txt (text/plain) in CBT.V508.FILE253.PDS, moved to PDS/TMANH
2025-04-04 06:46:34.922827 - Found TMANK.txt (text/plain) in CBT.V508.FILE253.PDS, moved to PDS/TMANK
2025-04-04 06:46:34.922965 - Found TMANL.txt (text/plain) in CBT.V508.FILE253.PDS, moved to PDS/TMANL
2025-04-04 06:46:34.925591 - Found TMANN.txt (text/plain) in CBT.V508.FILE253.PDS, moved to PDS/TMANN
2025-04-04 06:46:34.925705 - Found TMANO.txt (text/plain) in CBT.V508.FILE253.PDS, moved to PDS/TMANO
2025-04-04 06:46:34.925834 - Found TMANP.txt (text/plain) in CBT.V508.FILE253.PDS, moved to PDS/TMANP
2025-04-04 06:46:34.925950 - Found TMANQ.txt (text/plain) in CBT.V508.FILE253.PDS, moved to PDS/TMANQ
2025-04-04 06:46:34.926056 - Found TMANR.txt (text/plain) in CBT.V508.FILE253.PDS, moved to PDS/TMANR
2025-04-04 06:46:34.926163 - Found TMANT.txt (text/plain) in CBT.V508.FILE253.PDS, moved to PDS/TMANT
2025-04-04 06:46:34.926272 - Found TMANX.txt (text/plain) in CBT.V508.FILE253.PDS, moved to PDS/TMANX
2025-04-04 06:46:34.926385 - Found TMANY.txt (text/plain) in CBT.V508.FILE253.PDS, moved to PDS/TMANY
2025-04-04 06:46:34.926499 - Found TMANZ.txt (text/plain) in CBT.V508.FILE253.PDS, moved to PDS/TMANZ
2025-04-04 06:46:34.926614 - Found TSODARUN.rexx (text/plain) in CBT.V508.FILE253.PDS, moved to PDS/TSODARUN
2025-04-04 06:46:34.926728 - Found USER.txt (text/plain) in CBT.V508.FILE253.PDS, moved to PDS/USER
2025-04-04 06:46:34.926839 - Found USERIP.txt (text/plain) in CBT.V508.FILE253.PDS, moved to PDS/USERIP
2025-04-04 06:46:34.926965 - Found VLFUP.rexx (text/plain) in CBT.V508.FILE253.PDS, moved to PDS/VLFUP
2025-04-04 06:46:34.927079 - Found VPSOPT02.txt (text/plain) in CBT.V508.FILE253.PDS, moved to PDS/VPSOPT02
2025-04-04 06:46:34.927199 - Found WEEKDAY.rexx (text/plain) in CBT.V508.FILE253.PDS, moved to PDS/WEEKDAY
2025-04-04 06:46:34.927355 - Found WEEKDUMP.rexx (text/plain) in CBT.V508.FILE253.PDS, moved to PDS/WEEKDUMP
2025-04-04 06:46:34.927486 - Found WEEKREST.rexx (text/plain) in CBT.V508.FILE253.PDS, moved to PDS/WEEKREST
2025-04-04 06:46:34.927620 - Found WOSEARCH.rexx (text/plain) in CBT.V508.FILE253.PDS, moved to PDS/WOSEARCH
2025-04-04 06:46:34.927749 - Found XDB2PROD.rexx (text/plain) in CBT.V508.FILE253.PDS, moved to PDS/XDB2PROD
2025-04-04 06:46:34.927873 - Found XDB2TEST.rexx (text/plain) in CBT.V508.FILE253.PDS, moved to PDS/XDB2TEST
2025-04-04 06:46:34.928004 - Found XDSL.rexx (text/plain) in CBT.V508.FILE253.PDS, moved to PDS/XDSL
2025-04-04 06:46:34.928130 - Found XLISTA.rexx (text/plain) in CBT.V508.FILE253.PDS, moved to PDS/XLISTA
2025-04-04 06:46:34.928249 - Found XREF.txt (text/plain) in CBT.V508.FILE253.PDS, moved to PDS/XREF
2025-04-04 06:46:34.928383 - Found XREFNEW.rexx (text/plain) in CBT.V508.FILE253.PDS, moved to PDS/XREFNEW
2025-04-04 06:46:34.928523 - Found XREFOLD.rexx (text/plain) in CBT.V508.FILE253.PDS, moved to PDS/XREFOLD
2025-04-04 06:46:34.928656 - Found ZEKESCAN.rexx (text/plain) in CBT.V508.FILE253.PDS, moved to PDS/ZEKESCAN
